Using pre-set license
Built from '2020.3/release' branch; Version is '2020.3.27f1 (e759542391ea) revision 15161684'; Using compiler version '192528614'; Build Type 'Release'
OS: 'Windows 10  (10.0.19042) 64bit Core' Language: 'en' Physical Memory: 3959 MB
BatchMode: 1, IsHumanControllingUs: 0, StartBugReporterOnCrash: 0, Is64bit: 1, IsPro: 0

COMMAND LINE ARGUMENTS:
C:\Program Files\Unity\Hub\Editor\2020.3.27f1\Editor\Unity.exe
-adb2
-batchMode
-noUpm
-name
AssetImportWorker60
-projectPath
C:/Users/rona/Documents/GitHub/SeniorProject/GMNG4340_SeniorProject
-logFile
Logs/AssetImportWorker60.log
-srvPort
52598
Successfully changed project path to: C:/Users/rona/Documents/GitHub/SeniorProject/GMNG4340_SeniorProject
C:/Users/rona/Documents/GitHub/SeniorProject/GMNG4340_SeniorProject
Using Asset Import Pipeline V2.
Refreshing native plugins compatible for Editor in 224.86 ms, found 2 plugins.
Preloading 0 native plugins for Editor in 0.00 ms.
Initialize engine version: 2020.3.27f1 (e759542391ea)
[Subsystems] Discovering subsystems at path C:/Program Files/Unity/Hub/Editor/2020.3.27f1/Editor/Data/Resources/UnitySubsystems
[Subsystems] Discovering subsystems at path C:/Users/rona/Documents/GitHub/SeniorProject/GMNG4340_SeniorProject/Assets
GfxDevice: creating device client; threaded=0
